<?xml version="1.0" encoding="utf-8" standalone="no"?>
<!--This file represents the results of running a test suite-->
<test-results name="D:\Kuliah semester 3\Pemrograman Lanjutan\Pertemuan 5\02 tugas\LibraryTest\bin\Debug\LibraryTest.dll" total="3" errors="0" failures="0" not-run="0" inconclusive="0" ignored="0" skipped="0" invalid="0" date="2021-10-28" time="15:14:25">
  <environment nunit-version="2.6.4.14350" clr-version="2.0.50727.9151" os-version="Microsoft Windows NT 6.2.9200.0" platform="Win32NT" cwd="C:\tools-testing" machine-name="NASTEAR" user="acer" user-domain="NASTEAR" />
  <culture-info current-culture="en-ID" current-uiculture="en-US" />
  <test-suite type="Assembly" name="D:\Kuliah semester 3\Pemrograman Lanjutan\Pertemuan 5\02 tugas\LibraryTest\bin\Debug\LibraryTest.dll" executed="True" result="Success" success="True" time="0.073" asserts="0">
    <results>
      <test-suite type="Namespace" name="TugasLibraryUnitTest" executed="True" result="Success" success="True" time="0.065" asserts="0">
        <results>
          <test-suite type="TestFixture" name="DayTest" executed="True" result="Success" success="True" time="0.044" asserts="0">
            <results>
              <test-case name="TugasLibraryUnitTest.DayTest.Init" executed="True" result="Success" success="True" time="0.016" asserts="0" />
              <test-case name="TugasLibraryUnitTest.DayTest.NameOfDay" executed="True" result="Success" success="True" time="0.007" asserts="8" />
            </results>
          </test-suite>
          <test-suite type="TestFixture" name="UserTest" executed="True" result="Success" success="True" time="0.003" asserts="0">
            <results>
              <test-case name="TugasLibraryUnitTest.UserTest.TestUserValid" executed="True" result="Success" success="True" time="0.001" asserts="1" />
            </results>
          </test-suite>
        </results>
      </test-suite>
    </results>
  </test-suite>
</test-results>