<?xml version="1.0" encoding="utf-8" standalone="no"?>
<!--This file represents the results of running a test suite-->
<test-results name="D:\Kuliah semester 3\Pemrograman Lanjutan\Pertemuan 5\02 tugas\TugasLibrary\bin\Debug\TugasLibrary.dll" total="0" errors="0" failures="0" not-run="0" inconclusive="0" ignored="0" skipped="0" invalid="0" date="2021-10-28" time="14:31:37">
  <environment nunit-version="2.6.4.14350" clr-version="2.0.50727.9151" os-version="Microsoft Windows NT 6.2.9200.0" platform="Win32NT" cwd="C:\tools-testing" machine-name="NASTEAR" user="acer" user-domain="NASTEAR" />
  <culture-info current-culture="en-ID" current-uiculture="en-US" />
  <test-suite type="Assembly" name="D:\Kuliah semester 3\Pemrograman Lanjutan\Pertemuan 5\02 tugas\TugasLibrary\bin\Debug\TugasLibrary.dll" executed="True" result="Inconclusive" success="False" time="0.000" asserts="0" />
</test-results>